<?xml version="1.0" encoding="UTF-8"?>
<testsuite name="deu.ac.kr.spring_study.SpringStudyApplicationTests" tests="1" skipped="0" failures="0" errors="0" timestamp="2024-11-07T05:12:07" hostname="sin-yujin-ui-MacBookAir.local" time="0.586">
  <properties/>
  <testcase name="contextLoads()" classname="deu.ac.kr.spring_study.SpringStudyApplicationTests" time="0.586"/>
  <system-out><![CDATA[14:12:06.932 [Test worker] INFO org.springframework.test.context.support.AnnotationConfigContextLoaderUtils -- Could not detect default configuration classes for test class [deu.ac.kr.spring_study.SpringStudyApplicationTests]: SpringStudyApplicationTests does not declare any static, non-private, non-final, nested classes annotated with @Configuration.
14:12:06.989 [Test worker] INFO org.springframework.boot.test.context.SpringBootTestContextBootstrapper -- Found @SpringBootConfiguration deu.ac.kr.spring_study.SpringStudyApplication for test class deu.ac.kr.spring_study.SpringStudyApplicationTests

  .   ____          _            __ _ _
 /\\ / ___'_ __ _ _(_)_ __  __ _ \ \ \ \
( ( )\___ | '_ | '_| | '_ \/ _` | \ \ \ \
 \\/  ___)| |_)| | | | | || (_| |  ) ) ) )
  '  |____| .__|_| |_|_| |_\__, | / / / /
 =========|_|==============|___/=/_/_/_/

 :: Spring Boot ::                (v3.3.5)

2024-11-07T14:12:07.199+09:00  INFO 70303 --- [spring-study] [    Test worker] d.a.k.s.SpringStudyApplicationTests      : Starting SpringStudyApplicationTests using Java 21.0.5 with PID 70303 (started by sin-yujin in /Users/sin-yujin/Downloads/spring-study 2)
2024-11-07T14:12:07.200+09:00  INFO 70303 --- [spring-study] [    Test worker] d.a.k.s.SpringStudyApplicationTests      : No active profile set, falling back to 1 default profile: "default"
2024-11-07T14:12:07.487+09:00  INFO 70303 --- [spring-study] [    Test worker] d.a.k.s.SpringStudyApplicationTests      : Started SpringStudyApplicationTests in 0.42 seconds (process running for 1.085)
]]></system-out>
  <system-err><![CDATA[WARNING: A Java agent has been loaded dynamically (/Users/sin-yujin/.gradle/caches/modules-2/files-2.1/net.bytebuddy/byte-buddy-agent/1.14.19/154da3a65b4f4a909d3e5bdec55d1b2b4cbb6ce1/byte-buddy-agent-1.14.19.jar)
WARNING: If a serviceability tool is in use, please run with -XX:+EnableDynamicAgentLoading to hide this warning
WARNING: If a serviceability tool is not in use, please run with -Djdk.instrument.traceUsage for more information
WARNING: Dynamic loading of agents will be disallowed by default in a future release
]]></system-err>
</testsuite>
